2010-02-11 14:17:22 log[ERROR]: メモ登録時に失敗しました。
2010-02-11 14:21:36 log[ERROR]: メモ登録時に失敗しました。
2010-02-11 14:22:35 log[ERROR]: メモ登録時に失敗しました。
2010-02-11 14:22:35 log[ERROR]: MemoID:ええええええ,Auth:naka
2010-02-11 14:25:00 log[ERROR]: メモ登録時に失敗しました。
2010-02-11 14:25:00 log[ERROR]: MemoID:ええええええ,Auth:naka
2010-02-11 14:25:27 log[ERROR]: メモ登録時に失敗しました。
2010-02-11 14:25:27 log[ERROR]: MemoID:ええええええ,Auth:naka
2010-02-13 12:28:02 log[ERROR]: メモ登録時に失敗しました。
2010-02-13 12:28:02 log[ERROR]: MemoID:aaaa,Auth:naka
2010-02-13 12:30:11 log[ERROR]: メモ登録時に失敗しました。
2010-02-13 12:30:11 log[ERROR]: MemoID:あああ,Auth:naka
2010-03-12 01:54:47 log[ERROR]: 地図
2010-03-12 01:56:06 log[ERROR]: 地図
2010-03-12 02:00:29 log[ERROR]: 地図
2010-03-12 02:00:29 log[ERROR]: 39:135
2010-03-12 02:03:32 log[ERROR]: 地図
2010-03-12 02:03:32 log[ERROR]: 39:135
2010-03-12 02:04:23 log[ERROR]: 地図
2010-03-12 02:04:23 log[ERROR]: 39:135
2010-03-13 11:10:38 log[ERROR]: 地図
2010-03-13 11:10:38 log[ERROR]: 39:135
2010-03-13 11:13:18 log[ERROR]: 地図
2010-03-13 11:13:18 log[ERROR]: 39:135
2010-03-13 11:14:32 log[ERROR]: 地図
2010-03-13 11:14:32 log[ERROR]: 39:135
2010-03-13 11:17:27 log[ERROR]: 地図
2010-03-13 11:17:27 log[ERROR]: 39:135
2010-03-13 11:18:26 log[ERROR]: 地図
2010-03-13 11:18:26 log[ERROR]: 39:135
2010-03-13 11:31:17 log[ERROR]: 地図
2010-03-13 11:31:17 log[ERROR]: 135:3939
2010-03-13 11:32:29 log[ERROR]: 地図
2010-03-13 11:32:29 log[ERROR]: 139:35
2010-03-13 11:36:42 log[ERROR]: 地図
2010-03-13 11:36:42 log[ERROR]: 139:35
2010-03-13 11:38:58 log[ERROR]: 地図
2010-03-13 11:38:58 log[ERROR]: 139:35
2010-03-13 11:41:57 log[ERROR]: 地図
2010-03-13 11:41:57 log[ERROR]: 139:35
